{"C:\\Users\\stefa\\Documents\\GitHub\\capstone-travel-app\\src\\client\\js\\main.js": {"path":"C:\\Users\\stefa\\Documents\\GitHub\\capstone-travel-app\\src\\client\\js\\main.js","statementMap":{"0":{"start":{"line":1,"column":20},"end":{"line":50,"column":1}},"1":{"start":{"line":3,"column":4},"end":{"line":6,"column":6}},"2":{"start":{"line":4,"column":8},"end":{"line":4,"column":31}},"3":{"start":{"line":5,"column":8},"end":{"line":5,"column":27}},"4":{"start":{"line":8,"column":29},"end":{"line":49,"column":5}},"5":{"start":{"line":10,"column":28},"end":{"line":10,"column":72}},"6":{"start":{"line":11,"column":26},"end":{"line":11,"column":68}},"7":{"start":{"line":12,"column":24},"end":{"line":12,"column":64}},"8":{"start":{"line":14,"column":8},"end":{"line":14,"column":40}},"9":{"start":{"line":16,"column":8},"end":{"line":48,"column":9}},"10":{"start":{"line":17,"column":51},"end":{"line":17,"column":88}},"11":{"start":{"line":19,"column":12},"end":{"line":19,"column":67}},"12":{"start":{"line":20,"column":12},"end":{"line":20,"column":54}},"13":{"start":{"line":22,"column":12},"end":{"line":22,"column":50}},"14":{"start":{"line":24,"column":29},"end":{"line":42,"column":13}},"15":{"start":{"line":25,"column":16},"end":{"line":25,"column":34}},"16":{"start":{"line":26,"column":33},"end":{"line":34,"column":18}},"17":{"start":{"line":36,"column":16},"end":{"line":41,"column":17}},"18":{"start":{"line":37,"column":36},"end":{"line":37,"column":57}},"19":{"start":{"line":38,"column":20},"end":{"line":38,"column":35}},"20":{"start":{"line":40,"column":20},"end":{"line":40,"column":50}},"21":{"start":{"line":43,"column":12},"end":{"line":43,"column":109}},"22":{"start":{"line":44,"column":12},"end":{"line":44,"column":40}},"23":{"start":{"line":45,"column":12},"end":{"line":45,"column":32}},"24":{"start":{"line":47,"column":12},"end":{"line":47,"column":25}},"25":{"start":{"line":53,"column":29},"end":{"line":70,"column":1}},"26":{"start":{"line":54,"column":19},"end":{"line":54,"column":38}},"27":{"start":{"line":55,"column":22},"end":{"line":55,"column":32}},"28":{"start":{"line":56,"column":28},"end":{"line":56,"column":47}},"29":{"start":{"line":57,"column":30},"end":{"line":57,"column":47}},"30":{"start":{"line":58,"column":23},"end":{"line":58,"column":42}},"31":{"start":{"line":61,"column":4},"end":{"line":63,"column":5}},"32":{"start":{"line":62,"column":8},"end":{"line":62,"column":49}},"33":{"start":{"line":66,"column":19},"end":{"line":66,"column":74}},"34":{"start":{"line":68,"column":21},"end":{"line":68,"column":88}},"35":{"start":{"line":69,"column":4},"end":{"line":69,"column":34}},"36":{"start":{"line":72,"column":24},"end":{"line":77,"column":1}},"37":{"start":{"line":73,"column":4},"end":{"line":76,"column":7}},"38":{"start":{"line":74,"column":28},"end":{"line":74,"column":59}},"39":{"start":{"line":75,"column":8},"end":{"line":75,"column":37}},"40":{"start":{"line":79,"column":13},"end":{"line":79,"column":15}},"41":{"start":{"line":82,"column":16},"end":{"line":100,"column":1}},"42":{"start":{"line":83,"column":21},"end":{"line":99,"column":37}},"43":{"start":{"line":87,"column":8},"end":{"line":87,"column":31}},"44":{"start":{"line":90,"column":8},"end":{"line":90,"column":26}},"45":{"start":{"line":91,"column":8},"end":{"line":91,"column":43}},"46":{"start":{"line":92,"column":8},"end":{"line":92,"column":45}},"47":{"start":{"line":93,"column":8},"end":{"line":93,"column":41}},"48":{"start":{"line":94,"column":8},"end":{"line":94,"column":41}},"49":{"start":{"line":95,"column":8},"end":{"line":95,"column":43}},"50":{"start":{"line":97,"column":8},"end":{"line":97,"column":28}},"51":{"start":{"line":98,"column":8},"end":{"line":98,"column":99}},"52":{"start":{"line":99,"column":20},"end":{"line":99,"column":36}},"53":{"start":{"line":102,"column":17},"end":{"line":116,"column":1}},"54":{"start":{"line":103,"column":24},"end":{"line":103,"column":63}},"55":{"start":{"line":104,"column":23},"end":{"line":104,"column":61}},"56":{"start":{"line":105,"column":31},"end":{"line":105,"column":66}},"57":{"start":{"line":106,"column":31},"end":{"line":106,"column":66}},"58":{"start":{"line":107,"column":31},"end":{"line":107,"column":66}},"59":{"start":{"line":108,"column":25},"end":{"line":108,"column":65}},"60":{"start":{"line":110,"column":4},"end":{"line":110,"column":31}},"61":{"start":{"line":111,"column":4},"end":{"line":111,"column":53}},"62":{"start":{"line":112,"column":4},"end":{"line":112,"column":52}},"63":{"start":{"line":113,"column":4},"end":{"line":113,"column":52}},"64":{"start":{"line":114,"column":4},"end":{"line":114,"column":52}},"65":{"start":{"line":115,"column":4},"end":{"line":115,"column":52}},"66":{"start":{"line":118,"column":0},"end":{"line":122,"column":2}}},"fnMap":{"0":{"name":"(anonymous_0)","decl":{"start":{"line":1,"column":20},"end":{"line":1,"column":21}},"loc":{"start":{"line":1,"column":44},"end":{"line":50,"column":1}},"line":1},"1":{"name":"(anonymous_1)","decl":{"start":{"line":3,"column":43},"end":{"line":3,"column":44}},"loc":{"start":{"line":3,"column":52},"end":{"line":6,"column":5}},"line":3},"2":{"name":"(anonymous_2)","decl":{"start":{"line":8,"column":29},"end":{"line":8,"column":30}},"loc":{"start":{"line":8,"column":41},"end":{"line":49,"column":5}},"line":8},"3":{"name":"(anonymous_3)","decl":{"start":{"line":24,"column":29},"end":{"line":24,"column":30}},"loc":{"start":{"line":24,"column":58},"end":{"line":42,"column":13}},"line":24},"4":{"name":"(anonymous_4)","decl":{"start":{"line":53,"column":29},"end":{"line":53,"column":30}},"loc":{"start":{"line":53,"column":53},"end":{"line":70,"column":1}},"line":53},"5":{"name":"(anonymous_5)","decl":{"start":{"line":72,"column":24},"end":{"line":72,"column":25}},"loc":{"start":{"line":72,"column":42},"end":{"line":77,"column":1}},"line":72},"6":{"name":"(anonymous_6)","decl":{"start":{"line":73,"column":43},"end":{"line":73,"column":44}},"loc":{"start":{"line":73,"column":49},"end":{"line":76,"column":5}},"line":73},"7":{"name":"(anonymous_7)","decl":{"start":{"line":82,"column":16},"end":{"line":82,"column":17}},"loc":{"start":{"line":82,"column":34},"end":{"line":100,"column":1}},"line":82},"8":{"name":"(anonymous_8)","decl":{"start":{"line":86,"column":10},"end":{"line":86,"column":11}},"loc":{"start":{"line":86,"column":22},"end":{"line":88,"column":5}},"line":86},"9":{"name":"(anonymous_9)","decl":{"start":{"line":89,"column":10},"end":{"line":89,"column":11}},"loc":{"start":{"line":89,"column":18},"end":{"line":99,"column":5}},"line":89},"10":{"name":"(anonymous_10)","decl":{"start":{"line":99,"column":13},"end":{"line":99,"column":14}},"loc":{"start":{"line":99,"column":20},"end":{"line":99,"column":36}},"line":99},"11":{"name":"(anonymous_11)","decl":{"start":{"line":102,"column":17},"end":{"line":102,"column":18}},"loc":{"start":{"line":102,"column":68},"end":{"line":116,"column":1}},"line":102}},"branchMap":{"0":{"loc":{"start":{"line":24,"column":36},"end":{"line":24,"column":42}},"type":"default-arg","locations":[{"start":{"line":24,"column":40},"end":{"line":24,"column":42}}],"line":24},"1":{"loc":{"start":{"line":24,"column":44},"end":{"line":24,"column":53}},"type":"default-arg","locations":[{"start":{"line":24,"column":51},"end":{"line":24,"column":53}}],"line":24},"2":{"loc":{"start":{"line":61,"column":4},"end":{"line":63,"column":5}},"type":"if","locations":[{"start":{"line":61,"column":4},"end":{"line":63,"column":5}},{"start":{"line":61,"column":4},"end":{"line":63,"column":5}}],"line":61},"3":{"loc":{"start":{"line":82,"column":23},"end":{"line":82,"column":29}},"type":"default-arg","locations":[{"start":{"line":82,"column":27},"end":{"line":82,"column":29}}],"line":82}},"s":{"0":1,"1":0,"2":0,"3":0,"4":0,"5":0,"6":0,"7":0,"8":0,"9":0,"10":0,"11":0,"12":0,"13":0,"14":0,"15":0,"16":0,"17":0,"18":0,"19":0,"20":0,"21":0,"22":0,"23":0,"24":0,"25":1,"26":1,"27":1,"28":1,"29":1,"30":1,"31":1,"32":1,"33":0,"34":0,"35":0,"36":1,"37":0,"38":0,"39":0,"40":1,"41":1,"42":0,"43":0,"44":0,"45":0,"46":0,"47":0,"48":0,"49":0,"50":0,"51":0,"52":0,"53":1,"54":0,"55":0,"56":0,"57":0,"58":0,"59":0,"60":0,"61":0,"62":0,"63":0,"64":0,"65":0,"66":1},"f":{"0":0,"1":0,"2":0,"3":0,"4":1,"5":0,"6":0,"7":0,"8":0,"9":0,"10":0,"11":0},"b":{"0":[0],"1":[0],"2":[1,0],"3":[0]},"_coverageSchema":"1a1c01bbd47fc00a2c39e90264f33305004495a9","hash":"5702b5fe998fb67f94c8e8c8f30b910bd57c2b6c"}
,"C:\\Users\\stefa\\Documents\\GitHub\\capstone-travel-app\\src\\server\\server.js": {"path":"C:\\Users\\stefa\\Documents\\GitHub\\capstone-travel-app\\src\\server\\server.js","statementMap":{"0":{"start":{"line":2,"column":16},"end":{"line":2,"column":34}},"1":{"start":{"line":4,"column":14},"end":{"line":4,"column":35}},"2":{"start":{"line":7,"column":12},"end":{"line":7,"column":21}},"3":{"start":{"line":10,"column":13},"end":{"line":10,"column":28}},"4":{"start":{"line":13,"column":19},"end":{"line":13,"column":41}},"5":{"start":{"line":15,"column":0},"end":{"line":15,"column":52}},"6":{"start":{"line":16,"column":0},"end":{"line":16,"column":27}},"7":{"start":{"line":18,"column":13},"end":{"line":18,"column":28}},"8":{"start":{"line":19,"column":0},"end":{"line":19,"column":16}},"9":{"start":{"line":23,"column":0},"end":{"line":23,"column":32}},"10":{"start":{"line":25,"column":15},"end":{"line":25,"column":32}},"11":{"start":{"line":26,"column":0},"end":{"line":26,"column":16}},"12":{"start":{"line":28,"column":0},"end":{"line":28,"column":56}},"13":{"start":{"line":31,"column":0},"end":{"line":33,"column":3}},"14":{"start":{"line":32,"column":4},"end":{"line":32,"column":55}},"15":{"start":{"line":36,"column":25},"end":{"line":36,"column":48}},"16":{"start":{"line":37,"column":25},"end":{"line":37,"column":53}},"17":{"start":{"line":38,"column":22},"end":{"line":38,"column":47}},"18":{"start":{"line":40,"column":15},"end":{"line":40,"column":17}},"19":{"start":{"line":41,"column":14},"end":{"line":41,"column":16}},"20":{"start":{"line":42,"column":18},"end":{"line":42,"column":20}},"21":{"start":{"line":43,"column":18},"end":{"line":43,"column":20}},"22":{"start":{"line":45,"column":0},"end":{"line":57,"column":3}},"23":{"start":{"line":46,"column":4},"end":{"line":49,"column":5}},"24":{"start":{"line":51,"column":4},"end":{"line":53,"column":5}},"25":{"start":{"line":52,"column":8},"end":{"line":52,"column":39}},"26":{"start":{"line":54,"column":4},"end":{"line":54,"column":44}},"27":{"start":{"line":55,"column":4},"end":{"line":55,"column":83}},"28":{"start":{"line":56,"column":4},"end":{"line":56,"column":49}},"29":{"start":{"line":60,"column":32},"end":{"line":62,"column":1}},"30":{"start":{"line":61,"column":4},"end":{"line":61,"column":107}},"31":{"start":{"line":63,"column":34},"end":{"line":65,"column":1}},"32":{"start":{"line":64,"column":4},"end":{"line":64,"column":104}},"33":{"start":{"line":67,"column":31},"end":{"line":69,"column":1}},"34":{"start":{"line":68,"column":4},"end":{"line":68,"column":131}},"35":{"start":{"line":72,"column":16},"end":{"line":112,"column":1}},"36":{"start":{"line":74,"column":4},"end":{"line":111,"column":5}},"37":{"start":{"line":75,"column":8},"end":{"line":108,"column":10}},"38":{"start":{"line":76,"column":21},"end":{"line":76,"column":31}},"39":{"start":{"line":80,"column":12},"end":{"line":87,"column":13}},"40":{"start":{"line":81,"column":16},"end":{"line":84,"column":17}},"41":{"start":{"line":85,"column":16},"end":{"line":85,"column":76}},"42":{"start":{"line":86,"column":16},"end":{"line":86,"column":82}},"43":{"start":{"line":89,"column":12},"end":{"line":101,"column":13}},"44":{"start":{"line":91,"column":16},"end":{"line":91,"column":79}},"45":{"start":{"line":92,"column":16},"end":{"line":98,"column":17}},"46":{"start":{"line":99,"column":16},"end":{"line":99,"column":41}},"47":{"start":{"line":100,"column":16},"end":{"line":100,"column":76}},"48":{"start":{"line":102,"column":12},"end":{"line":107,"column":13}},"49":{"start":{"line":103,"column":16},"end":{"line":105,"column":17}},"50":{"start":{"line":106,"column":16},"end":{"line":106,"column":41}},"51":{"start":{"line":110,"column":8},"end":{"line":110,"column":37}},"52":{"start":{"line":115,"column":0},"end":{"line":122,"column":3}},"53":{"start":{"line":117,"column":4},"end":{"line":120,"column":7}},"54":{"start":{"line":121,"column":4},"end":{"line":121,"column":29}},"55":{"start":{"line":124,"column":0},"end":{"line":126,"column":2}}},"fnMap":{"0":{"name":"(anonymous_0)","decl":{"start":{"line":31,"column":17},"end":{"line":31,"column":18}},"loc":{"start":{"line":31,"column":29},"end":{"line":33,"column":1}},"line":31},"1":{"name":"(anonymous_1)","decl":{"start":{"line":45,"column":26},"end":{"line":45,"column":27}},"loc":{"start":{"line":45,"column":46},"end":{"line":57,"column":1}},"line":45},"2":{"name":"(anonymous_2)","decl":{"start":{"line":60,"column":32},"end":{"line":60,"column":33}},"loc":{"start":{"line":60,"column":49},"end":{"line":62,"column":1}},"line":60},"3":{"name":"(anonymous_3)","decl":{"start":{"line":63,"column":34},"end":{"line":63,"column":35}},"loc":{"start":{"line":63,"column":48},"end":{"line":65,"column":1}},"line":63},"4":{"name":"(anonymous_4)","decl":{"start":{"line":67,"column":31},"end":{"line":67,"column":32}},"loc":{"start":{"line":67,"column":48},"end":{"line":69,"column":1}},"line":67},"5":{"name":"(anonymous_5)","decl":{"start":{"line":72,"column":16},"end":{"line":72,"column":17}},"loc":{"start":{"line":72,"column":29},"end":{"line":112,"column":1}},"line":72},"6":{"name":"(anonymous_6)","decl":{"start":{"line":76,"column":14},"end":{"line":76,"column":15}},"loc":{"start":{"line":76,"column":21},"end":{"line":76,"column":31}},"line":76},"7":{"name":"(anonymous_7)","decl":{"start":{"line":77,"column":14},"end":{"line":77,"column":15}},"loc":{"start":{"line":77,"column":28},"end":{"line":108,"column":9}},"line":77},"8":{"name":"(anonymous_8)","decl":{"start":{"line":115,"column":20},"end":{"line":115,"column":21}},"loc":{"start":{"line":115,"column":34},"end":{"line":122,"column":1}},"line":115}},"branchMap":{"0":{"loc":{"start":{"line":51,"column":4},"end":{"line":53,"column":5}},"type":"if","locations":[{"start":{"line":51,"column":4},"end":{"line":53,"column":5}},{"start":{"line":51,"column":4},"end":{"line":53,"column":5}}],"line":51},"1":{"loc":{"start":{"line":80,"column":12},"end":{"line":87,"column":13}},"type":"if","locations":[{"start":{"line":80,"column":12},"end":{"line":87,"column":13}},{"start":{"line":80,"column":12},"end":{"line":87,"column":13}}],"line":80},"2":{"loc":{"start":{"line":89,"column":12},"end":{"line":101,"column":13}},"type":"if","locations":[{"start":{"line":89,"column":12},"end":{"line":101,"column":13}},{"start":{"line":89,"column":12},"end":{"line":101,"column":13}}],"line":89},"3":{"loc":{"start":{"line":102,"column":12},"end":{"line":107,"column":13}},"type":"if","locations":[{"start":{"line":102,"column":12},"end":{"line":107,"column":13}},{"start":{"line":102,"column":12},"end":{"line":107,"column":13}}],"line":102}},"s":{"0":1,"1":1,"2":1,"3":1,"4":1,"5":1,"6":1,"7":1,"8":1,"9":1,"10":1,"11":1,"12":1,"13":1,"14":0,"15":1,"16":1,"17":1,"18":1,"19":1,"20":1,"21":1,"22":1,"23":0,"24":0,"25":0,"26":0,"27":0,"28":0,"29":1,"30":0,"31":1,"32":0,"33":1,"34":0,"35":1,"36":1,"37":1,"38":0,"39":0,"40":0,"41":0,"42":0,"43":0,"44":0,"45":0,"46":0,"47":0,"48":0,"49":0,"50":0,"51":0,"52":1,"53":0,"54":0,"55":1},"f":{"0":0,"1":0,"2":0,"3":0,"4":0,"5":1,"6":0,"7":0,"8":0},"b":{"0":[0,0],"1":[0,0],"2":[0,0],"3":[0,0]},"_coverageSchema":"1a1c01bbd47fc00a2c39e90264f33305004495a9","hash":"6a32ff03fa23758649fc582a0fd2b09f8783132d"}
}
